2016/12/05 13:43:15 INFO  - jmeter.util.JMeterUtils: Setting Locale to en_US 
2016/12/05 13:43:15 INFO  - jmeter.JMeter: Loading user properties from: /Applications/apache-jmeter-3.1/bin/user.properties 
2016/12/05 13:43:15 INFO  - jmeter.JMeter: Loading system properties from: /Applications/apache-jmeter-3.1/bin/system.properties 
2016/12/05 13:43:15 INFO  - jmeter.JMeter: Copyright (c) 1998-2016 The Apache Software Foundation 
2016/12/05 13:43:15 INFO  - jmeter.JMeter: Version 3.1 r1770033 
2016/12/05 13:43:15 INFO  - jmeter.JMeter: java.version=1.8.0_111 
2016/12/05 13:43:15 INFO  - jmeter.JMeter: java.vm.name=Java HotSpot(TM) 64-Bit Server VM 
2016/12/05 13:43:15 INFO  - jmeter.JMeter: os.name=Mac OS X 
2016/12/05 13:43:15 INFO  - jmeter.JMeter: os.arch=x86_64 
2016/12/05 13:43:15 INFO  - jmeter.JMeter: os.version=10.12.1 
2016/12/05 13:43:15 INFO  - jmeter.JMeter: file.encoding=UTF-8 
2016/12/05 13:43:15 INFO  - jmeter.JMeter: Max memory     =514850816 
2016/12/05 13:43:15 INFO  - jmeter.JMeter: Available Processors =2 
2016/12/05 13:43:15 INFO  - jmeter.JMeter: Default Locale=English (United States) 
2016/12/05 13:43:15 INFO  - jmeter.JMeter: JMeter  Locale=English (United States) 
2016/12/05 13:43:15 INFO  - jmeter.JMeter: JMeterHome=/Applications/apache-jmeter-3.1 
2016/12/05 13:43:15 INFO  - jmeter.JMeter: user.dir  =/Users/mumpiko/dev/jmeter-workspace/jmeter-demo 
2016/12/05 13:43:15 INFO  - jmeter.JMeter: PWD       =/Users/mumpiko/dev/jmeter-workspace/jmeter-demo 
2016/12/05 13:43:20 INFO  - jmeter.JMeter: IP: 192.168.0.24 Name: mumpikos-MacBook-Pro.local FullName: 192.168.0.24 
2016/12/05 13:43:20 INFO  - jmeter.services.FileServer: Default base='/Users/mumpiko/dev/jmeter-workspace/jmeter-demo' 
2016/12/05 13:43:20 INFO  - jmeter.services.FileServer: Set new base='/Users/mumpiko/dev/jmeter-workspace/jmeter-demo' 
2016/12/05 13:43:20 INFO  - jmeter.save.SaveService: Testplan (JMX) version: 2.2. Testlog (JTL) version: 2.2 
2016/12/05 13:43:20 INFO  - jmeter.save.SaveService: Using SaveService properties file encoding UTF-8 
2016/12/05 13:43:20 INFO  - jmeter.save.SaveService: Using SaveService properties version 3.1 
2016/12/05 13:43:20 INFO  - jmeter.save.SaveService: All converter versions present and correct 
2016/12/05 13:43:20 INFO  - jmeter.save.SaveService: Loading file: YahooPerformanceTest.jmx 
2016/12/05 13:43:20 INFO  - jmeter.protocol.http.control.CacheManager: Will only cache the following methods: [GET] 
2016/12/05 13:43:20 INFO  - jmeter.protocol.http.control.CookieManager: Settings: Delete null: true Check: true Allow variable: true Save: false Prefix: COOKIE_ 
2016/12/05 13:43:20 INFO  - jmeter.protocol.http.sampler.HTTPSamplerBase: Parser for text/html is org.apache.jmeter.protocol.http.parser.LagartoBasedHtmlParser 
2016/12/05 13:43:20 INFO  - jmeter.protocol.http.sampler.HTTPSamplerBase: Parser for application/xhtml+xml is org.apache.jmeter.protocol.http.parser.LagartoBasedHtmlParser 
2016/12/05 13:43:20 INFO  - jmeter.protocol.http.sampler.HTTPSamplerBase: Parser for application/xml is org.apache.jmeter.protocol.http.parser.LagartoBasedHtmlParser 
2016/12/05 13:43:20 INFO  - jmeter.protocol.http.sampler.HTTPSamplerBase: Parser for text/xml is org.apache.jmeter.protocol.http.parser.LagartoBasedHtmlParser 
2016/12/05 13:43:20 INFO  - jmeter.protocol.http.sampler.HTTPSamplerBase: Parser for text/vnd.wap.wml is org.apache.jmeter.protocol.http.parser.RegexpHTMLParser 
2016/12/05 13:43:20 INFO  - jmeter.protocol.http.sampler.HTTPSamplerBase: Parser for text/css is org.apache.jmeter.protocol.http.parser.CssParser 
2016/12/05 13:43:20 INFO  - jmeter.JMeter: Creating summariser <summary> 
2016/12/05 13:43:20 INFO  - jmeter.engine.StandardJMeterEngine: Running the test! 
2016/12/05 13:43:20 INFO  - jmeter.samplers.SampleEvent: List of sample_variables: [] 
2016/12/05 13:43:20 INFO  - jmeter.samplers.SampleEvent: List of sample_variables: [] 
2016/12/05 13:43:20 INFO  - jmeter.engine.util.CompoundVariable: Note: Function class names must contain the string: '.functions.' 
2016/12/05 13:43:20 INFO  - jmeter.engine.util.CompoundVariable: Note: Function class names must not contain the string: '.gui.' 
2016/12/05 13:43:20 INFO  - jmeter.JMeter: Running test (1480974200947) 
2016/12/05 13:43:21 INFO  - jmeter.engine.StandardJMeterEngine: Starting ThreadGroup: 1 : Yahoo visitors 
2016/12/05 13:43:21 INFO  - jmeter.engine.StandardJMeterEngine: Starting 5 threads for group Yahoo visitors. 
2016/12/05 13:43:21 INFO  - jmeter.engine.StandardJMeterEngine: Thread will stop on error 
2016/12/05 13:43:21 INFO  - jmeter.threads.ThreadGroup: Starting thread group number 1 threads 5 ramp-up 1 perThread 200.0 delayedStart=false 
2016/12/05 13:43:21 INFO  - jmeter.threads.JMeterThread: Thread started: Yahoo visitors 1-1 
2016/12/05 13:43:21 INFO  - jmeter.threads.ThreadGroup: Started thread group number 1 
2016/12/05 13:43:21 INFO  - jmeter.engine.StandardJMeterEngine: All thread groups have been started 
2016/12/05 13:43:21 INFO  - jmeter.threads.JMeterThread: Thread started: Yahoo visitors 1-2 
2016/12/05 13:43:21 INFO  - jmeter.threads.JMeterThread: Thread started: Yahoo visitors 1-3 
2016/12/05 13:43:21 INFO  - jmeter.threads.JMeterThread: Thread started: Yahoo visitors 1-4 
2016/12/05 13:43:21 INFO  - jmeter.threads.JMeterThread: Thread started: Yahoo visitors 1-5 
2016/12/05 13:43:26 INFO  - jmeter.protocol.http.sampler.HTTPHCAbstractImpl: Local host = mumpikos-MacBook-Pro.local 
2016/12/05 13:43:26 INFO  - jmeter.protocol.http.sampler.HTTPHC4Impl: HTTP request retry count = 0 
2016/12/05 13:43:26 INFO  - jmeter.samplers.SampleResult: Note: Sample TimeStamps are START times 
2016/12/05 13:43:26 INFO  - jmeter.samplers.SampleResult: sampleresult.default.encoding is set to ISO-8859-1 
2016/12/05 13:43:26 INFO  - jmeter.samplers.SampleResult: sampleresult.useNanoTime=true 
2016/12/05 13:43:26 INFO  - jmeter.samplers.SampleResult: sampleresult.nanoThreadSleep=5000 
2016/12/05 13:43:26 INFO  - jmeter.protocol.http.sampler.LazySchemeSocketFactory: Setting up HTTPS TrustAll Socket Factory 
2016/12/05 13:43:26 INFO  - jmeter.util.JsseSSLManager: Using default SSL protocol: TLS 
2016/12/05 13:43:26 INFO  - jmeter.util.JsseSSLManager: SSL session context: per-thread 
2016/12/05 13:43:26 INFO  - jmeter.util.SSLManager: JmeterKeyStore Location:  type JKS 
2016/12/05 13:43:26 INFO  - jmeter.util.SSLManager: KeyStore created OK 
2016/12/05 13:43:26 WARN  - jmeter.util.SSLManager: Keystore file not found, loading empty keystore 
2016/12/05 13:43:34 INFO  - jmeter.reporters.Summariser: summary +      6 in 00:00:14 =    0.4/s Avg:  1541 Min:  1030 Max:  1764 Err:     0 (0.00%) Active: 5 Started: 5 Finished: 0 
2016/12/05 13:43:34 INFO  - jmeter.threads.JMeterThread: Thread is done: Yahoo visitors 1-1 
2016/12/05 13:43:34 INFO  - jmeter.threads.JMeterThread: Thread finished: Yahoo visitors 1-1 
2016/12/05 13:43:34 INFO  - jmeter.threads.JMeterThread: Thread is done: Yahoo visitors 1-5 
2016/12/05 13:43:34 INFO  - jmeter.threads.JMeterThread: Thread finished: Yahoo visitors 1-5 
2016/12/05 13:43:34 INFO  - jmeter.threads.JMeterThread: Thread is done: Yahoo visitors 1-2 
2016/12/05 13:43:34 INFO  - jmeter.threads.JMeterThread: Thread finished: Yahoo visitors 1-2 
2016/12/05 13:43:34 INFO  - jmeter.threads.JMeterThread: Thread is done: Yahoo visitors 1-4 
2016/12/05 13:43:34 INFO  - jmeter.threads.JMeterThread: Thread finished: Yahoo visitors 1-4 
2016/12/05 13:43:35 INFO  - jmeter.threads.JMeterThread: Thread is done: Yahoo visitors 1-3 
2016/12/05 13:43:35 INFO  - jmeter.threads.JMeterThread: Thread finished: Yahoo visitors 1-3 
2016/12/05 13:43:35 INFO  - jmeter.engine.StandardJMeterEngine: Notifying test listeners of end of test 
2016/12/05 13:43:35 INFO  - jmeter.reporters.Summariser: summary +      4 in 00:00:01 =    7.8/s Avg:  1760 Min:  1649 Max:  1999 Err:     0 (0.00%) Active: 0 Started: 5 Finished: 5 
2016/12/05 13:43:35 INFO  - jmeter.reporters.Summariser: summary =     10 in 00:00:14 =    0.7/s Avg:  1629 Min:  1030 Max:  1999 Err:     0 (0.00%) 
